# JRE version: 7.0_07-b10
# Java VM: Java HotSpot(TM) 64-Bit Server VM (23.3-b01 mixed mode windows-amd64 compressed oops)
Heap
 PSYoungGen      total 5973312K, used 0K [0x00000006268a0000, 0x00000007c7340000, 0x00000008978a0000)
  eden space 5120000K, 0% used [0x00000006268a0000,0x00000006268a0000,0x000000075f0a0000)
  from space 853312K, 0% used [0x000000075f0a0000,0x000000075f0a0000,0x00000007931f0000)
  to   space 853312K, 0% used [0x00000007931f0000,0x00000007931f0000,0x00000007c7340000)
 ParOldGen       total 13653376K, used 12790850K [0x00000001448a0000, 0x00000006268a0000, 0x00000006268a0000)
  object space 13653376K, 93% used [0x00000001448a0000,0x00000004513b0968,0x0000000485e00000)
 PSPermGen       total 21248K, used 7689K [0x000000013f6a0000, 0x0000000140b60000, 0x00000001448a0000)
  object space 21248K, 36% used [0x000000013f6a0000,0x000000013fe22620,0x0000000140b60000)
GC Heap History (5 events):
Event: 19.465 GC heap before
{Heap before GC invocations=1 (full 0):
 PSYoungGen      total 5973312K, used 5120000K [0x00000006268a0000, 0x00000007c7340000, 0x00000008978a0000)
  eden space 5120000K, 100% used [0x00000006268a0000,0x000000075f0a0000,0x000000075f0a0000)
  from space 853312K, 0% used [0x00000007931f0000,0x00000007931f0000,0x00000007c7340000)
  to   space 853312K, 0% used [0x000000075f0a0000,0x000000075f0a0000,0x00000007931f0000)
 ParOldGen       total 13653376K, used 12700800K [0x00000001448a0000, 0x0000000485e00000, 0x00000006268a0000)
  object space 13653376K, 93% used [0x00000001448a0000,0x000000044bbc0010,0x0000000485e00000)
 PSPermGen       total 21248K, used 7689K [0x000000013f6a0000, 0x0000000140b60000, 0x00000001448a0000)
  object space 21248K, 36% used [0x000000013f6a0000,0x000000013fe22530,0x0000000140b60000)
Event: 19.528 GC heap after
Heap after GC invocations=1 (full 0):
 PSYoungGen      total 5973312K, used 195692K [0x00000006268a0000, 0x00000007c7340000, 0x00000008978a0000)
  eden space 5120000K, 0% used [0x00000006268a0000,0x00000006268a0000,0x000000075f0a0000)
  from space 853312K, 22% used [0x000000075f0a0000,0x000000076afbb388,0x00000007931f0000)
  to   space 853312K, 0% used [0x00000007931f0000,0x00000007931f0000,0x00000007c7340000)
 ParOldGen       total 13653376K, used 12765600K [0x00000001448a0000, 0x0000000485e00000, 0x00000006268a0000)
  object space 13653376K, 93% used [0x00000001448a0000,0x000000044fb08020,0x0000000485e00000)
 PSPermGen       total 21248K, used 7689K [0x000000013f6a0000, 0x0000000140b60000, 0x00000001448a0000)
  object space 21248K, 36% used [0x000000013f6a0000,0x000000013fe22530,0x0000000140b60000)
}
Event: 19.528 GC heap before
{Heap before GC invocations=2 (full 1):
 PSYoungGen      total 5973312K, used 195692K [0x00000006268a0000, 0x00000007c7340000, 0x00000008978a0000)
  eden space 5120000K, 0% used [0x00000006268a0000,0x00000006268a0000,0x000000075f0a0000)
  from space 853312K, 22% used [0x000000075f0a0000,0x000000076afbb388,0x00000007931f0000)
  to   space 853312K, 0% used [0x00000007931f0000,0x00000007931f0000,0x00000007c7340000)
 ParOldGen       total 13653376K, used 12765600K [0x00000001448a0000, 0x0000000485e00000, 0x00000006268a0000)
  object space 13653376K, 93% used [0x00000001448a0000,0x000000044fb08020,0x0000000485e00000)
 PSPermGen       total 21248K, used 7689K [0x000000013f6a0000, 0x0000000140b60000, 0x00000001448a0000)
  object space 21248K, 36% used [0x000000013f6a0000,0x000000013fe22530,0x0000000140b60000)
Event: 19.750 GC heap after
Heap after GC invocations=2 (full 1):
 PSYoungGen      total 5973312K, used 0K [0x00000006268a0000, 0x00000007c7340000, 0x00000008978a0000)
  eden space 5120000K, 0% used [0x00000006268a0000,0x00000006268a0000,0x000000075f0a0000)
  from space 853312K, 0% used [0x000000075f0a0000,0x000000075f0a0000,0x00000007931f0000)
  to   space 853312K, 0% used [0x00000007931f0000,0x00000007931f0000,0x00000007c7340000)
 ParOldGen       total 13653376K, used 12791010K [0x00000001448a0000, 0x0000000485e00000, 0x00000006268a0000)
  object space 13653376K, 93% used [0x00000001448a0000,0x00000004513d8b58,0x0000000485e00000)
 PSPermGen       total 21248K, used 7686K [0x000000013f6a0000, 0x0000000140b60000, 0x00000001448a0000)
  object space 21248K, 36% used [0x000000013f6a0000,0x000000013fe219b0,0x0000000140b60000)
}
Event: 28.848 GC heap before
{Heap before GC invocations=3 (full 2):
 PSYoungGen      total 5973312K, used 5120000K [0x00000006268a0000, 0x00000007c7340000, 0x00000008978a0000)
  eden space 5120000K, 100% used [0x00000006268a0000,0x000000075f0a0000,0x000000075f0a0000)
  from space 853312K, 0% used [0x000000075f0a0000,0x000000075f0a0000,0x00000007931f0000)
  to   space 853312K, 0% used [0x00000007931f0000,0x00000007931f0000,0x00000007c7340000)
 ParOldGen       total 13653376K, used 12791010K [0x00000001448a0000, 0x0000000485e00000, 0x00000006268a0000)
  object space 13653376K, 93% used [0x00000001448a0000,0x00000004513d8b58,0x0000000485e00000)
 PSPermGen       total 21248K, used 7689K [0x000000013f6a0000, 0x0000000140b60000, 0x00000001448a0000)
  object space 21248K, 36% used [0x000000013f6a0000,0x000000013fe22620,0x0000000140b60000)

